<?xml version="1.0" encoding="UTF-8"?>
<coverage generated="1491426156142" clover="3.2.0">
  <project timestamp="1491426156142" name="All files">
    <metrics statements="148" coveredstatements="146" conditionals="35" coveredconditionals="31" methods="70" coveredmethods="68" elements="253" coveredelements="245" complexity="0" loc="148" ncloc="148" packages="5" files="13" classes="13">
      <package name="js">
        <metrics statements="3" coveredstatements="3" conditionals="0" coveredconditionals="0" methods="0" coveredmethods="0"/>
        <file name="constants.js" path="/Users/lorimc/Code/react/React-Redux-Todoz/js/constants.js">
          <metrics statements="3" coveredstatements="3" conditionals="0" coveredconditionals="0" methods="0" coveredmethods="0"/>
          <line num="1" count="8" type="stmt"/>
          <line num="2" count="8" type="stmt"/>
          <line num="3" count="8" type="stmt"/>
        </file>
      </package>
      <package name="js.actions">
        <metrics statements="12" coveredstatements="12" conditionals="1" coveredconditionals="1" methods="6" coveredmethods="6"/>
        <file name="actionCreators.js" path="/Users/lorimc/Code/react/React-Redux-Todoz/js/actions/actionCreators.js">
          <metrics statements="6" coveredstatements="6" conditionals="1" coveredconditionals="1" methods="6" coveredmethods="6"/>
          <line num="6" count="25" type="stmt"/>
          <line num="19" count="5" type="stmt"/>
          <line num="28" count="8" type="stmt"/>
          <line num="37" count="4" type="stmt"/>
          <line num="46" count="6" type="stmt"/>
          <line num="55" count="2" type="stmt"/>
        </file>
        <file name="actions.js" path="/Users/lorimc/Code/react/React-Redux-Todoz/js/actions/actions.js">
          <metrics statements="6" coveredstatements="6" conditionals="0" coveredconditionals="0" methods="0" coveredmethods="0"/>
          <line num="1" count="8" type="stmt"/>
          <line num="2" count="8" type="stmt"/>
          <line num="3" count="8" type="stmt"/>
          <line num="4" count="8" type="stmt"/>
          <line num="5" count="8" type="stmt"/>
          <line num="6" count="8" type="stmt"/>
        </file>
      </package>
      <package name="js.components">
        <metrics statements="93" coveredstatements="91" conditionals="18" coveredconditionals="15" methods="51" coveredmethods="49"/>
        <file name="AddItem.js" path="/Users/lorimc/Code/react/React-Redux-Todoz/js/components/AddItem.js">
          <metrics statements="15" coveredstatements="15" conditionals="0" coveredconditionals="0" methods="6" coveredmethods="6"/>
          <line num="8" count="10" type="stmt"/>
          <line num="10" count="10" type="stmt"/>
          <line num="14" count="10" type="stmt"/>
          <line num="15" count="10" type="stmt"/>
          <line num="19" count="3" type="stmt"/>
          <line num="23" count="3" type="stmt"/>
          <line num="24" count="3" type="stmt"/>
          <line num="25" count="3" type="stmt"/>
          <line num="29" count="17" type="stmt"/>
          <line num="47" count="2" type="stmt"/>
          <line num="48" count="2" type="stmt"/>
          <line num="53" count="2" type="stmt"/>
          <line num="54" count="6" type="stmt"/>
          <line num="56" count="2" type="stmt"/>
          <line num="61" count="2" type="stmt"/>
        </file>
        <file name="EditItem.js" path="/Users/lorimc/Code/react/React-Redux-Todoz/js/components/EditItem.js">
          <metrics statements="15" coveredstatements="14" conditionals="4" coveredconditionals="3" methods="9" coveredmethods="8"/>
          <line num="9" count="2" type="stmt"/>
          <line num="13" count="2" type="stmt"/>
          <line num="14" count="2" type="stmt"/>
          <line num="19" count="14" type="stmt"/>
          <line num="20" count="14" type="stmt"/>
          <line num="30" count="2" type="stmt"/>
          <line num="31" count="0" type="stmt"/>
          <line num="40" count="2" type="stmt"/>
          <line num="53" count="3" type="stmt"/>
          <line num="54" count="3" type="stmt"/>
          <line num="64" count="3" type="stmt"/>
          <line num="65" count="4" type="stmt"/>
          <line num="67" count="1" type="stmt"/>
          <line num="70" count="1" type="stmt"/>
          <line num="75" count="3" type="stmt"/>
        </file>
        <file name="Filters.js" path="/Users/lorimc/Code/react/React-Redux-Todoz/js/components/Filters.js">
          <metrics statements="13" coveredstatements="12" conditionals="0" coveredconditionals="0" methods="8" coveredmethods="7"/>
          <line num="8" count="11" type="stmt"/>
          <line num="10" count="11" type="stmt"/>
          <line num="14" count="3" type="stmt"/>
          <line num="18" count="11" type="stmt"/>
          <line num="23" count="1" type="stmt"/>
          <line num="30" count="1" type="stmt"/>
          <line num="37" count="1" type="stmt"/>
          <line num="46" count="2" type="stmt"/>
          <line num="47" count="2" type="stmt"/>
          <line num="51" count="2" type="stmt"/>
          <line num="52" count="6" type="stmt"/>
          <line num="54" count="0" type="stmt"/>
          <line num="59" count="2" type="stmt"/>
        </file>
        <file name="Item.js" path="/Users/lorimc/Code/react/React-Redux-Todoz/js/components/Item.js">
          <metrics statements="18" coveredstatements="18" conditionals="4" coveredconditionals="3" methods="11" coveredmethods="11"/>
          <line num="9" count="54" type="stmt"/>
          <line num="11" count="54" type="stmt"/>
          <line num="15" count="4" type="stmt"/>
          <line num="16" count="4" type="stmt"/>
          <line num="21" count="76" type="stmt"/>
          <line num="22" count="76" type="stmt"/>
          <line num="30" count="3" type="stmt"/>
          <line num="31" count="1" type="stmt"/>
          <line num="40" count="2" type="stmt"/>
          <line num="48" count="3" type="stmt"/>
          <line num="63" count="3" type="stmt"/>
          <line num="64" count="3" type="stmt"/>
          <line num="75" count="3" type="stmt"/>
          <line num="76" count="47" type="stmt"/>
          <line num="78" count="2" type="stmt"/>
          <line num="81" count="1" type="stmt"/>
          <line num="84" count="2" type="stmt"/>
          <line num="89" count="3" type="stmt"/>
        </file>
        <file name="Items.js" path="/Users/lorimc/Code/react/React-Redux-Todoz/js/components/Items.js">
          <metrics statements="11" coveredstatements="11" conditionals="4" coveredconditionals="4" methods="5" coveredmethods="5"/>
          <line num="7" count="86" type="stmt"/>
          <line num="8" count="86" type="stmt"/>
          <line num="9" count="8" type="stmt"/>
          <line num="13" count="78" type="stmt"/>
          <line num="14" count="186" type="stmt"/>
          <line num="16" count="9" type="stmt"/>
          <line num="22" count="177" type="stmt"/>
          <line num="28" count="186" type="stmt"/>
          <line num="32" count="78" type="stmt"/>
          <line num="39" count="2" type="stmt"/>
          <line num="40" count="2" type="stmt"/>
        </file>
        <file name="TodoList.js" path="/Users/lorimc/Code/react/React-Redux-Todoz/js/components/TodoList.js">
          <metrics statements="21" coveredstatements="21" conditionals="6" coveredconditionals="5" methods="12" coveredmethods="12"/>
          <line num="11" count="11" type="stmt"/>
          <line num="13" count="11" type="stmt"/>
          <line num="14" count="11" type="stmt"/>
          <line num="18" count="93" type="stmt"/>
          <line num="20" count="36" type="stmt"/>
          <line num="23" count="18" type="stmt"/>
          <line num="26" count="75" type="stmt"/>
          <line num="29" count="93" type="stmt"/>
          <line num="33" count="93" type="stmt"/>
          <line num="34" count="93" type="stmt"/>
          <line num="36" count="93" type="stmt"/>
          <line num="38" count="81" type="stmt"/>
          <line num="44" count="12" type="stmt"/>
          <line num="47" count="93" type="stmt"/>
          <line num="51" count="93" type="stmt"/>
          <line num="52" count="93" type="stmt"/>
          <line num="62" count="1" type="stmt"/>
          <line num="63" count="1" type="stmt"/>
          <line num="69" count="1" type="stmt"/>
          <line num="70" count="88" type="stmt"/>
          <line num="77" count="1" type="stmt"/>
        </file>
      </package>
      <package name="js.reducers">
        <metrics statements="38" coveredstatements="38" conditionals="12" coveredconditionals="12" methods="12" coveredmethods="12"/>
        <file name="activeFilter.js" path="/Users/lorimc/Code/react/React-Redux-Todoz/js/reducers/activeFilter.js">
          <metrics statements="8" coveredstatements="8" conditionals="3" coveredconditionals="3" methods="2" coveredmethods="2"/>
          <line num="4" count="3" type="stmt"/>
          <line num="8" count="3" type="stmt"/>
          <line num="10" count="3" type="stmt"/>
          <line num="11" count="8" type="stmt"/>
          <line num="14" count="3" type="stmt"/>
          <line num="15" count="67" type="stmt"/>
          <line num="17" count="8" type="stmt"/>
          <line num="19" count="59" type="stmt"/>
        </file>
        <file name="index.js" path="/Users/lorimc/Code/react/React-Redux-Todoz/js/reducers/index.js">
          <metrics statements="0" coveredstatements="0" conditionals="0" coveredconditionals="0" methods="0" coveredmethods="0"/>
        </file>
        <file name="todos.js" path="/Users/lorimc/Code/react/React-Redux-Todoz/js/reducers/todos.js">
          <metrics statements="30" coveredstatements="30" conditionals="9" coveredconditionals="9" methods="10" coveredmethods="10"/>
          <line num="4" count="3" type="stmt"/>
          <line num="9" count="3" type="stmt"/>
          <line num="11" count="3" type="stmt"/>
          <line num="12" count="25" type="stmt"/>
          <line num="13" count="25" type="stmt"/>
          <line num="16" count="3" type="stmt"/>
          <line num="17" count="5" type="stmt"/>
          <line num="18" count="6" type="stmt"/>
          <line num="20" count="5" type="stmt"/>
          <line num="21" count="5" type="stmt"/>
          <line num="24" count="3" type="stmt"/>
          <line num="25" count="4" type="stmt"/>
          <line num="28" count="3" type="stmt"/>
          <line num="29" count="6" type="stmt"/>
          <line num="30" count="18" type="stmt"/>
          <line num="31" count="6" type="stmt"/>
          <line num="33" count="12" type="stmt"/>
          <line num="35" count="6" type="stmt"/>
          <line num="38" count="3" type="stmt"/>
          <line num="39" count="2" type="stmt"/>
          <line num="40" count="2" type="stmt"/>
          <line num="42" count="2" type="stmt"/>
          <line num="45" count="3" type="stmt"/>
          <line num="46" count="67" type="stmt"/>
          <line num="48" count="25" type="stmt"/>
          <line num="50" count="5" type="stmt"/>
          <line num="52" count="4" type="stmt"/>
          <line num="54" count="6" type="stmt"/>
          <line num="56" count="2" type="stmt"/>
          <line num="58" count="25" type="stmt"/>
        </file>
      </package>
      <package name="js.store">
        <metrics statements="2" coveredstatements="2" conditionals="4" coveredconditionals="3" methods="1" coveredmethods="1"/>
        <file name="store.js" path="/Users/lorimc/Code/react/React-Redux-Todoz/js/store/store.js">
          <metrics statements="2" coveredstatements="2" conditionals="4" coveredconditionals="3" methods="1" coveredmethods="1"/>
          <line num="4" count="1" type="stmt"/>
          <line num="5" count="1" type="stmt"/>
        </file>
      </package>
    </metrics>
  </project>
</coverage>
