{"/Users/lorimc/Code/react/React-Redux-Todoz/js/constants.js": {"path":"/Users/lorimc/Code/react/React-Redux-Todoz/js/constants.js","statementMap":{"0":{"start":{"line":1,"column":19},"end":{"line":1,"column":24}},"1":{"start":{"line":2,"column":25},"end":{"line":2,"column":36}},"2":{"start":{"line":3,"column":27},"end":{"line":3,"column":40}}},"fnMap":{},"branchMap":{},"s":{"0":8,"1":8,"2":8},"f":{},"b":{},"_coverageSchema":"332fd63041d2c1bcb487cc26dd0d5f7d97098a6c","hash":"ee63584fbd25fc2c29feb1b04432e6d5d4f96767"}
,"/Users/lorimc/Code/react/React-Redux-Todoz/js/actions/actionCreators.js": {"path":"/Users/lorimc/Code/react/React-Redux-Todoz/js/actions/actionCreators.js","statementMap":{"0":{"start":{"line":6,"column":2},"end":{"line":15,"column":3}},"1":{"start":{"line":19,"column":2},"end":{"line":24,"column":3}},"2":{"start":{"line":28,"column":2},"end":{"line":33,"column":3}},"3":{"start":{"line":37,"column":2},"end":{"line":42,"column":3}},"4":{"start":{"line":46,"column":2},"end":{"line":51,"column":3}},"5":{"start":{"line":55,"column":2},"end":{"line":60,"column":3}}},"fnMap":{"0":{"name":"addItem","decl":{"start":{"line":5,"column":16},"end":{"line":5,"column":23}},"loc":{"start":{"line":5,"column":31},"end":{"line":16,"column":1}}},"1":{"name":"deleteItem","decl":{"start":{"line":18,"column":16},"end":{"line":18,"column":26}},"loc":{"start":{"line":18,"column":38},"end":{"line":25,"column":1}}},"2":{"name":"setActiveFilter","decl":{"start":{"line":27,"column":16},"end":{"line":27,"column":31}},"loc":{"start":{"line":27,"column":47},"end":{"line":34,"column":1}}},"3":{"name":"setEditID","decl":{"start":{"line":36,"column":16},"end":{"line":36,"column":25}},"loc":{"start":{"line":36,"column":35},"end":{"line":43,"column":1}}},"4":{"name":"setToggleComplete","decl":{"start":{"line":45,"column":16},"end":{"line":45,"column":33}},"loc":{"start":{"line":45,"column":43},"end":{"line":52,"column":1}}},"5":{"name":"setUpdateText","decl":{"start":{"line":54,"column":16},"end":{"line":54,"column":29}},"loc":{"start":{"line":54,"column":37},"end":{"line":61,"column":1}}}},"branchMap":{"0":{"loc":{"start":{"line":27,"column":33},"end":{"line":27,"column":45}},"type":"default-arg","locations":[{"start":{"line":27,"column":42},"end":{"line":27,"column":45}}]}},"s":{"0":25,"1":5,"2":8,"3":4,"4":6,"5":2},"f":{"0":25,"1":5,"2":8,"3":4,"4":6,"5":2},"b":{"0":[1]},"_coverageSchema":"332fd63041d2c1bcb487cc26dd0d5f7d97098a6c","hash":"851c05b5049d18ecd6d493ac702f844425fdf7cf"}
,"/Users/lorimc/Code/react/React-Redux-Todoz/js/actions/actions.js": {"path":"/Users/lorimc/Code/react/React-Redux-Todoz/js/actions/actions.js","statementMap":{"0":{"start":{"line":1,"column":24},"end":{"line":1,"column":34}},"1":{"start":{"line":2,"column":27},"end":{"line":2,"column":40}},"2":{"start":{"line":3,"column":33},"end":{"line":3,"column":52}},"3":{"start":{"line":4,"column":27},"end":{"line":4,"column":40}},"4":{"start":{"line":5,"column":35},"end":{"line":5,"column":56}},"5":{"start":{"line":6,"column":31},"end":{"line":6,"column":48}}},"fnMap":{},"branchMap":{},"s":{"0":8,"1":8,"2":8,"3":8,"4":8,"5":8},"f":{},"b":{},"_coverageSchema":"332fd63041d2c1bcb487cc26dd0d5f7d97098a6c","hash":"aa069245eb1ad49523283c9e961921f6a158ded6"}
,"/Users/lorimc/Code/react/React-Redux-Todoz/js/components/AddItem.js": {"path":"/Users/lorimc/Code/react/React-Redux-Todoz/js/components/AddItem.js","statementMap":{"0":{"start":{"line":8,"column":4},"end":{"line":8,"column":11}},"1":{"start":{"line":10,"column":4},"end":{"line":12,"column":5}},"2":{"start":{"line":14,"column":4},"end":{"line":14,"column":52}},"3":{"start":{"line":15,"column":4},"end":{"line":15,"column":52}},"4":{"start":{"line":19,"column":4},"end":{"line":19,"column":46}},"5":{"start":{"line":23,"column":4},"end":{"line":23,"column":22}},"6":{"start":{"line":24,"column":4},"end":{"line":24,"column":52}},"7":{"start":{"line":25,"column":4},"end":{"line":25,"column":34}},"8":{"start":{"line":29,"column":4},"end":{"line":43,"column":5}},"9":{"start":{"line":47,"column":25},"end":{"line":47,"column":40}},"10":{"start":{"line":48,"column":0},"end":{"line":51,"column":1}},"11":{"start":{"line":53,"column":27},"end":{"line":59,"column":1}},"12":{"start":{"line":54,"column":2},"end":{"line":58,"column":3}},"13":{"start":{"line":56,"column":6},"end":{"line":56,"column":29}},"14":{"start":{"line":61,"column":25},"end":{"line":61,"column":32}}},"fnMap":{"0":{"name":"(anonymous_0)","decl":{"start":{"line":7,"column":2},"end":{"line":7,"column":3}},"loc":{"start":{"line":7,"column":17},"end":{"line":16,"column":3}}},"1":{"name":"(anonymous_1)","decl":{"start":{"line":18,"column":2},"end":{"line":18,"column":3}},"loc":{"start":{"line":18,"column":19},"end":{"line":20,"column":3}}},"2":{"name":"(anonymous_2)","decl":{"start":{"line":22,"column":2},"end":{"line":22,"column":3}},"loc":{"start":{"line":22,"column":19},"end":{"line":26,"column":3}}},"3":{"name":"(anonymous_3)","decl":{"start":{"line":28,"column":2},"end":{"line":28,"column":3}},"loc":{"start":{"line":28,"column":12},"end":{"line":44,"column":3}}},"4":{"name":"(anonymous_4)","decl":{"start":{"line":53,"column":27},"end":{"line":53,"column":28}},"loc":{"start":{"line":53,"column":41},"end":{"line":59,"column":1}}},"5":{"name":"(anonymous_5)","decl":{"start":{"line":55,"column":21},"end":{"line":55,"column":22}},"loc":{"start":{"line":55,"column":31},"end":{"line":57,"column":5}}}},"branchMap":{},"s":{"0":10,"1":10,"2":10,"3":10,"4":3,"5":3,"6":3,"7":3,"8":17,"9":2,"10":2,"11":2,"12":6,"13":2,"14":2},"f":{"0":10,"1":3,"2":3,"3":17,"4":6,"5":2},"b":{},"_coverageSchema":"332fd63041d2c1bcb487cc26dd0d5f7d97098a6c","hash":"bcb716a9cfb890238971621602a0758d0bb395cf"}
,"/Users/lorimc/Code/react/React-Redux-Todoz/js/components/EditItem.js": {"path":"/Users/lorimc/Code/react/React-Redux-Todoz/js/components/EditItem.js","statementMap":{"0":{"start":{"line":9,"column":4},"end":{"line":9,"column":49}},"1":{"start":{"line":13,"column":4},"end":{"line":15,"column":5}},"2":{"start":{"line":14,"column":6},"end":{"line":14,"column":38}},"3":{"start":{"line":19,"column":21},"end":{"line":19,"column":31}},"4":{"start":{"line":20,"column":4},"end":{"line":49,"column":5}},"5":{"start":{"line":30,"column":31},"end":{"line":30,"column":51}},"6":{"start":{"line":31,"column":32},"end":{"line":31,"column":58}},"7":{"start":{"line":40,"column":30},"end":{"line":40,"column":56}},"8":{"start":{"line":53,"column":17},"end":{"line":53,"column":32}},"9":{"start":{"line":54,"column":0},"end":{"line":62,"column":1}},"10":{"start":{"line":64,"column":27},"end":{"line":73,"column":1}},"11":{"start":{"line":65,"column":2},"end":{"line":72,"column":3}},"12":{"start":{"line":67,"column":6},"end":{"line":67,"column":35}},"13":{"start":{"line":70,"column":6},"end":{"line":70,"column":29}},"14":{"start":{"line":75,"column":25},"end":{"line":75,"column":33}}},"fnMap":{"0":{"name":"(anonymous_0)","decl":{"start":{"line":8,"column":2},"end":{"line":8,"column":3}},"loc":{"start":{"line":8,"column":19},"end":{"line":10,"column":3}}},"1":{"name":"(anonymous_1)","decl":{"start":{"line":12,"column":2},"end":{"line":12,"column":3}},"loc":{"start":{"line":12,"column":25},"end":{"line":16,"column":3}}},"2":{"name":"(anonymous_2)","decl":{"start":{"line":18,"column":2},"end":{"line":18,"column":3}},"loc":{"start":{"line":18,"column":12},"end":{"line":50,"column":3}}},"3":{"name":"(anonymous_3)","decl":{"start":{"line":30,"column":24},"end":{"line":30,"column":25}},"loc":{"start":{"line":30,"column":31},"end":{"line":30,"column":51}}},"4":{"name":"(anonymous_4)","decl":{"start":{"line":31,"column":25},"end":{"line":31,"column":26}},"loc":{"start":{"line":31,"column":32},"end":{"line":31,"column":58}}},"5":{"name":"(anonymous_5)","decl":{"start":{"line":40,"column":23},"end":{"line":40,"column":24}},"loc":{"start":{"line":40,"column":30},"end":{"line":40,"column":56}}},"6":{"name":"(anonymous_6)","decl":{"start":{"line":64,"column":27},"end":{"line":64,"column":28}},"loc":{"start":{"line":64,"column":41},"end":{"line":73,"column":1}}},"7":{"name":"(anonymous_7)","decl":{"start":{"line":66,"column":24},"end":{"line":66,"column":25}},"loc":{"start":{"line":66,"column":34},"end":{"line":68,"column":5}}},"8":{"name":"(anonymous_8)","decl":{"start":{"line":69,"column":23},"end":{"line":69,"column":24}},"loc":{"start":{"line":69,"column":31},"end":{"line":71,"column":5}}}},"branchMap":{"0":{"loc":{"start":{"line":13,"column":4},"end":{"line":15,"column":5}},"type":"if","locations":[{"start":{"line":13,"column":4},"end":{"line":15,"column":5}},{"start":{"line":13,"column":4},"end":{"line":15,"column":5}}]},"1":{"loc":{"start":{"line":13,"column":8},"end":{"line":13,"column":46}},"type":"binary-expr","locations":[{"start":{"line":13,"column":8},"end":{"line":13,"column":24}},{"start":{"line":13,"column":28},"end":{"line":13,"column":46}}]}},"s":{"0":2,"1":2,"2":2,"3":14,"4":14,"5":2,"6":0,"7":2,"8":3,"9":3,"10":3,"11":4,"12":1,"13":1,"14":3},"f":{"0":2,"1":2,"2":14,"3":2,"4":0,"5":2,"6":4,"7":1,"8":1},"b":{"0":[2,0],"1":[2,2]},"_coverageSchema":"332fd63041d2c1bcb487cc26dd0d5f7d97098a6c","hash":"226268c46da909e612a046f5bfb2fd0da1615430"}
,"/Users/lorimc/Code/react/React-Redux-Todoz/js/components/Filters.js": {"path":"/Users/lorimc/Code/react/React-Redux-Todoz/js/components/Filters.js","statementMap":{"0":{"start":{"line":8,"column":4},"end":{"line":8,"column":11}},"1":{"start":{"line":10,"column":4},"end":{"line":10,"column":50}},"2":{"start":{"line":14,"column":4},"end":{"line":14,"column":43}},"3":{"start":{"line":18,"column":4},"end":{"line":42,"column":5}},"4":{"start":{"line":23,"column":25},"end":{"line":23,"column":48}},"5":{"start":{"line":30,"column":25},"end":{"line":30,"column":54}},"6":{"start":{"line":37,"column":25},"end":{"line":37,"column":56}},"7":{"start":{"line":46,"column":17},"end":{"line":46,"column":32}},"8":{"start":{"line":47,"column":0},"end":{"line":49,"column":1}},"9":{"start":{"line":51,"column":27},"end":{"line":57,"column":1}},"10":{"start":{"line":52,"column":2},"end":{"line":56,"column":3}},"11":{"start":{"line":54,"column":6},"end":{"line":54,"column":39}},"12":{"start":{"line":59,"column":25},"end":{"line":59,"column":32}}},"fnMap":{"0":{"name":"(anonymous_0)","decl":{"start":{"line":7,"column":2},"end":{"line":7,"column":3}},"loc":{"start":{"line":7,"column":17},"end":{"line":11,"column":3}}},"1":{"name":"(anonymous_1)","decl":{"start":{"line":13,"column":2},"end":{"line":13,"column":3}},"loc":{"start":{"line":13,"column":23},"end":{"line":15,"column":3}}},"2":{"name":"(anonymous_2)","decl":{"start":{"line":17,"column":2},"end":{"line":17,"column":3}},"loc":{"start":{"line":17,"column":12},"end":{"line":43,"column":3}}},"3":{"name":"(anonymous_3)","decl":{"start":{"line":23,"column":19},"end":{"line":23,"column":20}},"loc":{"start":{"line":23,"column":25},"end":{"line":23,"column":48}}},"4":{"name":"(anonymous_4)","decl":{"start":{"line":30,"column":19},"end":{"line":30,"column":20}},"loc":{"start":{"line":30,"column":25},"end":{"line":30,"column":54}}},"5":{"name":"(anonymous_5)","decl":{"start":{"line":37,"column":19},"end":{"line":37,"column":20}},"loc":{"start":{"line":37,"column":25},"end":{"line":37,"column":56}}},"6":{"name":"(anonymous_6)","decl":{"start":{"line":51,"column":27},"end":{"line":51,"column":28}},"loc":{"start":{"line":51,"column":41},"end":{"line":57,"column":1}}},"7":{"name":"(anonymous_7)","decl":{"start":{"line":53,"column":26},"end":{"line":53,"column":27}},"loc":{"start":{"line":53,"column":38},"end":{"line":55,"column":5}}}},"branchMap":{},"s":{"0":11,"1":11,"2":3,"3":11,"4":1,"5":1,"6":1,"7":2,"8":2,"9":2,"10":6,"11":0,"12":2},"f":{"0":11,"1":3,"2":11,"3":1,"4":1,"5":1,"6":6,"7":0},"b":{},"_coverageSchema":"332fd63041d2c1bcb487cc26dd0d5f7d97098a6c","hash":"365c2ac6e773f210847dd1bc51528f289df8117f"}
,"/Users/lorimc/Code/react/React-Redux-Todoz/js/components/Item.js": {"path":"/Users/lorimc/Code/react/React-Redux-Todoz/js/components/Item.js","statementMap":{"0":{"start":{"line":9,"column":4},"end":{"line":9,"column":11}},"1":{"start":{"line":11,"column":4},"end":{"line":11,"column":68}},"2":{"start":{"line":15,"column":4},"end":{"line":17,"column":5}},"3":{"start":{"line":16,"column":6},"end":{"line":16,"column":43}},"4":{"start":{"line":21,"column":60},"end":{"line":21,"column":70}},"5":{"start":{"line":22,"column":4},"end":{"line":59,"column":5}},"6":{"start":{"line":30,"column":31},"end":{"line":30,"column":75}},"7":{"start":{"line":31,"column":32},"end":{"line":31,"column":76}},"8":{"start":{"line":40,"column":31},"end":{"line":40,"column":64}},"9":{"start":{"line":48,"column":31},"end":{"line":48,"column":65}},"10":{"start":{"line":63,"column":17},"end":{"line":63,"column":32}},"11":{"start":{"line":64,"column":0},"end":{"line":73,"column":1}},"12":{"start":{"line":75,"column":27},"end":{"line":87,"column":1}},"13":{"start":{"line":76,"column":2},"end":{"line":86,"column":3}},"14":{"start":{"line":78,"column":6},"end":{"line":78,"column":30}},"15":{"start":{"line":81,"column":6},"end":{"line":81,"column":29}},"16":{"start":{"line":84,"column":6},"end":{"line":84,"column":37}},"17":{"start":{"line":89,"column":25},"end":{"line":89,"column":29}}},"fnMap":{"0":{"name":"(anonymous_0)","decl":{"start":{"line":8,"column":2},"end":{"line":8,"column":3}},"loc":{"start":{"line":8,"column":17},"end":{"line":12,"column":3}}},"1":{"name":"(anonymous_1)","decl":{"start":{"line":14,"column":2},"end":{"line":14,"column":3}},"loc":{"start":{"line":14,"column":31},"end":{"line":18,"column":3}}},"2":{"name":"(anonymous_2)","decl":{"start":{"line":20,"column":2},"end":{"line":20,"column":3}},"loc":{"start":{"line":20,"column":12},"end":{"line":60,"column":3}}},"3":{"name":"(anonymous_3)","decl":{"start":{"line":30,"column":24},"end":{"line":30,"column":25}},"loc":{"start":{"line":30,"column":31},"end":{"line":30,"column":75}}},"4":{"name":"(anonymous_4)","decl":{"start":{"line":31,"column":25},"end":{"line":31,"column":26}},"loc":{"start":{"line":31,"column":32},"end":{"line":31,"column":76}}},"5":{"name":"(anonymous_5)","decl":{"start":{"line":40,"column":25},"end":{"line":40,"column":26}},"loc":{"start":{"line":40,"column":31},"end":{"line":40,"column":64}}},"6":{"name":"(anonymous_6)","decl":{"start":{"line":48,"column":25},"end":{"line":48,"column":26}},"loc":{"start":{"line":48,"column":31},"end":{"line":48,"column":65}}},"7":{"name":"(anonymous_7)","decl":{"start":{"line":75,"column":27},"end":{"line":75,"column":28}},"loc":{"start":{"line":75,"column":41},"end":{"line":87,"column":1}}},"8":{"name":"(anonymous_8)","decl":{"start":{"line":77,"column":24},"end":{"line":77,"column":25}},"loc":{"start":{"line":77,"column":32},"end":{"line":79,"column":5}}},"9":{"name":"(anonymous_9)","decl":{"start":{"line":80,"column":23},"end":{"line":80,"column":24}},"loc":{"start":{"line":80,"column":31},"end":{"line":82,"column":5}}},"10":{"name":"(anonymous_10)","decl":{"start":{"line":83,"column":28},"end":{"line":83,"column":29}},"loc":{"start":{"line":83,"column":36},"end":{"line":85,"column":5}}}},"branchMap":{"0":{"loc":{"start":{"line":15,"column":4},"end":{"line":17,"column":5}},"type":"if","locations":[{"start":{"line":15,"column":4},"end":{"line":17,"column":5}},{"start":{"line":15,"column":4},"end":{"line":17,"column":5}}]},"1":{"loc":{"start":{"line":15,"column":8},"end":{"line":15,"column":47}},"type":"binary-expr","locations":[{"start":{"line":15,"column":8},"end":{"line":15,"column":24}},{"start":{"line":15,"column":28},"end":{"line":15,"column":47}}]}},"s":{"0":54,"1":54,"2":4,"3":4,"4":76,"5":76,"6":3,"7":1,"8":2,"9":3,"10":3,"11":3,"12":3,"13":47,"14":2,"15":1,"16":2,"17":3},"f":{"0":54,"1":4,"2":76,"3":3,"4":1,"5":2,"6":3,"7":47,"8":2,"9":1,"10":2},"b":{"0":[4,0],"1":[4,3]},"_coverageSchema":"332fd63041d2c1bcb487cc26dd0d5f7d97098a6c","hash":"08ff6744a2c4b565020615d2af643de65b2d4154"}
,"/Users/lorimc/Code/react/React-Redux-Todoz/js/components/Items.js": {"path":"/Users/lorimc/Code/react/React-Redux-Todoz/js/components/Items.js","statementMap":{"0":{"start":{"line":7,"column":28},"end":{"line":7,"column":33}},"1":{"start":{"line":8,"column":2},"end":{"line":10,"column":3}},"2":{"start":{"line":9,"column":4},"end":{"line":9,"column":15}},"3":{"start":{"line":13,"column":4},"end":{"line":29,"column":6}},"4":{"start":{"line":14,"column":23},"end":{"line":27,"column":7}},"5":{"start":{"line":16,"column":10},"end":{"line":19,"column":12}},"6":{"start":{"line":22,"column":10},"end":{"line":25,"column":12}},"7":{"start":{"line":28,"column":6},"end":{"line":28,"column":60}},"8":{"start":{"line":32,"column":2},"end":{"line":36,"column":3}},"9":{"start":{"line":39,"column":19},"end":{"line":39,"column":34}},"10":{"start":{"line":40,"column":0},"end":{"line":43,"column":1}}},"fnMap":{"0":{"name":"Items","decl":{"start":{"line":6,"column":9},"end":{"line":6,"column":14}},"loc":{"start":{"line":6,"column":23},"end":{"line":37,"column":1}}},"1":{"name":"renderListItems","decl":{"start":{"line":12,"column":11},"end":{"line":12,"column":26}},"loc":{"start":{"line":12,"column":43},"end":{"line":30,"column":3}}},"2":{"name":"(anonymous_2)","decl":{"start":{"line":13,"column":21},"end":{"line":13,"column":22}},"loc":{"start":{"line":13,"column":31},"end":{"line":29,"column":5}}},"3":{"name":"(anonymous_3)","decl":{"start":{"line":15,"column":26},"end":{"line":15,"column":27}},"loc":{"start":{"line":15,"column":32},"end":{"line":20,"column":9}}},"4":{"name":"(anonymous_4)","decl":{"start":{"line":21,"column":19},"end":{"line":21,"column":20}},"loc":{"start":{"line":21,"column":25},"end":{"line":26,"column":9}}}},"branchMap":{"0":{"loc":{"start":{"line":8,"column":2},"end":{"line":10,"column":3}},"type":"if","locations":[{"start":{"line":8,"column":2},"end":{"line":10,"column":3}},{"start":{"line":8,"column":2},"end":{"line":10,"column":3}}]},"1":{"loc":{"start":{"line":28,"column":14},"end":{"line":28,"column":57}},"type":"binary-expr","locations":[{"start":{"line":28,"column":14},"end":{"line":28,"column":32}},{"start":{"line":28,"column":36},"end":{"line":28,"column":57}}]}},"s":{"0":86,"1":86,"2":8,"3":78,"4":186,"5":9,"6":177,"7":186,"8":78,"9":2,"10":2},"f":{"0":86,"1":78,"2":186,"3":9,"4":177},"b":{"0":[8,78],"1":[186,177]},"_coverageSchema":"332fd63041d2c1bcb487cc26dd0d5f7d97098a6c","hash":"af572cc972626e0d3ca9d98e96cdd4c1efa6cf36"}
,"/Users/lorimc/Code/react/React-Redux-Todoz/js/components/TodoList.js": {"path":"/Users/lorimc/Code/react/React-Redux-Todoz/js/components/TodoList.js","statementMap":{"0":{"start":{"line":11,"column":4},"end":{"line":11,"column":11}},"1":{"start":{"line":13,"column":4},"end":{"line":13,"column":54}},"2":{"start":{"line":14,"column":4},"end":{"line":14,"column":62}},"3":{"start":{"line":18,"column":24},"end":{"line":28,"column":5}},"4":{"start":{"line":20,"column":8},"end":{"line":20,"column":67}},"5":{"start":{"line":20,"column":37},"end":{"line":20,"column":56}},"6":{"start":{"line":23,"column":8},"end":{"line":23,"column":68}},"7":{"start":{"line":23,"column":37},"end":{"line":23,"column":56}},"8":{"start":{"line":26,"column":8},"end":{"line":26,"column":20}},"9":{"start":{"line":29,"column":4},"end":{"line":29,"column":70}},"10":{"start":{"line":33,"column":26},"end":{"line":33,"column":65}},"11":{"start":{"line":34,"column":19},"end":{"line":34,"column":53}},"12":{"start":{"line":36,"column":21},"end":{"line":46,"column":5}},"13":{"start":{"line":38,"column":8},"end":{"line":41,"column":12}},"14":{"start":{"line":44,"column":8},"end":{"line":44,"column":57}},"15":{"start":{"line":47,"column":4},"end":{"line":47,"column":60}},"16":{"start":{"line":51,"column":44},"end":{"line":51,"column":54}},"17":{"start":{"line":52,"column":4},"end":{"line":58,"column":5}},"18":{"start":{"line":62,"column":19},"end":{"line":62,"column":34}},"19":{"start":{"line":63,"column":0},"end":{"line":67,"column":1}},"20":{"start":{"line":69,"column":24},"end":{"line":75,"column":1}},"21":{"start":{"line":70,"column":2},"end":{"line":74,"column":3}},"22":{"start":{"line":77,"column":25},"end":{"line":77,"column":33}}},"fnMap":{"0":{"name":"(anonymous_0)","decl":{"start":{"line":10,"column":2},"end":{"line":10,"column":3}},"loc":{"start":{"line":10,"column":17},"end":{"line":15,"column":3}}},"1":{"name":"(anonymous_1)","decl":{"start":{"line":17,"column":2},"end":{"line":17,"column":3}},"loc":{"start":{"line":17,"column":38},"end":{"line":30,"column":3}}},"2":{"name":"(anonymous_2)","decl":{"start":{"line":19,"column":19},"end":{"line":19,"column":20}},"loc":{"start":{"line":19,"column":25},"end":{"line":21,"column":7}}},"3":{"name":"(anonymous_3)","decl":{"start":{"line":20,"column":29},"end":{"line":20,"column":30}},"loc":{"start":{"line":20,"column":37},"end":{"line":20,"column":56}}},"4":{"name":"(anonymous_4)","decl":{"start":{"line":22,"column":21},"end":{"line":22,"column":22}},"loc":{"start":{"line":22,"column":27},"end":{"line":24,"column":7}}},"5":{"name":"(anonymous_5)","decl":{"start":{"line":23,"column":29},"end":{"line":23,"column":30}},"loc":{"start":{"line":23,"column":37},"end":{"line":23,"column":56}}},"6":{"name":"(anonymous_6)","decl":{"start":{"line":25,"column":17},"end":{"line":25,"column":18}},"loc":{"start":{"line":25,"column":23},"end":{"line":27,"column":7}}},"7":{"name":"(anonymous_7)","decl":{"start":{"line":32,"column":2},"end":{"line":32,"column":3}},"loc":{"start":{"line":32,"column":50},"end":{"line":48,"column":3}}},"8":{"name":"(anonymous_8)","decl":{"start":{"line":37,"column":13},"end":{"line":37,"column":14}},"loc":{"start":{"line":37,"column":19},"end":{"line":42,"column":7}}},"9":{"name":"(anonymous_9)","decl":{"start":{"line":43,"column":17},"end":{"line":43,"column":18}},"loc":{"start":{"line":43,"column":23},"end":{"line":45,"column":7}}},"10":{"name":"(anonymous_10)","decl":{"start":{"line":50,"column":2},"end":{"line":50,"column":3}},"loc":{"start":{"line":50,"column":12},"end":{"line":59,"column":3}}},"11":{"name":"(anonymous_11)","decl":{"start":{"line":69,"column":24},"end":{"line":69,"column":25}},"loc":{"start":{"line":69,"column":35},"end":{"line":75,"column":1}}}},"branchMap":{"0":{"loc":{"start":{"line":29,"column":12},"end":{"line":29,"column":67}},"type":"binary-expr","locations":[{"start":{"line":29,"column":12},"end":{"line":29,"column":39}},{"start":{"line":29,"column":43},"end":{"line":29,"column":67}}]},"1":{"loc":{"start":{"line":34,"column":19},"end":{"line":34,"column":53}},"type":"cond-expr","locations":[{"start":{"line":34,"column":36},"end":{"line":34,"column":41}},{"start":{"line":34,"column":44},"end":{"line":34,"column":53}}]},"2":{"loc":{"start":{"line":47,"column":12},"end":{"line":47,"column":57}},"type":"binary-expr","locations":[{"start":{"line":47,"column":12},"end":{"line":47,"column":32}},{"start":{"line":47,"column":36},"end":{"line":47,"column":57}}]}},"s":{"0":11,"1":11,"2":11,"3":93,"4":12,"5":36,"6":6,"7":18,"8":75,"9":93,"10":93,"11":93,"12":93,"13":81,"14":12,"15":93,"16":93,"17":93,"18":1,"19":1,"20":1,"21":88,"22":1},"f":{"0":11,"1":93,"2":12,"3":36,"4":6,"5":18,"6":75,"7":93,"8":81,"9":12,"10":93,"11":88},"b":{"0":[93,75],"1":[81,12],"2":[93,0]},"_coverageSchema":"332fd63041d2c1bcb487cc26dd0d5f7d97098a6c","hash":"ed4c1dbc1258273dc08a335e3f7a9a04cacf746f"}
,"/Users/lorimc/Code/react/React-Redux-Todoz/js/reducers/activeFilter.js": {"path":"/Users/lorimc/Code/react/React-Redux-Todoz/js/reducers/activeFilter.js","statementMap":{"0":{"start":{"line":4,"column":26},"end":{"line":6,"column":2}},"1":{"start":{"line":8,"column":22},"end":{"line":8,"column":45}},"2":{"start":{"line":10,"column":24},"end":{"line":12,"column":1}},"3":{"start":{"line":11,"column":2},"end":{"line":11,"column":51}},"4":{"start":{"line":14,"column":21},"end":{"line":21,"column":1}},"5":{"start":{"line":15,"column":2},"end":{"line":20,"column":3}},"6":{"start":{"line":17,"column":6},"end":{"line":17,"column":43}},"7":{"start":{"line":19,"column":6},"end":{"line":19,"column":18}}},"fnMap":{"0":{"name":"(anonymous_0)","decl":{"start":{"line":10,"column":24},"end":{"line":10,"column":25}},"loc":{"start":{"line":10,"column":43},"end":{"line":12,"column":1}}},"1":{"name":"(anonymous_1)","decl":{"start":{"line":14,"column":21},"end":{"line":14,"column":22}},"loc":{"start":{"line":14,"column":56},"end":{"line":21,"column":1}}}},"branchMap":{"0":{"loc":{"start":{"line":14,"column":22},"end":{"line":14,"column":43}},"type":"default-arg","locations":[{"start":{"line":14,"column":30},"end":{"line":14,"column":43}}]},"1":{"loc":{"start":{"line":15,"column":2},"end":{"line":20,"column":3}},"type":"switch","locations":[{"start":{"line":16,"column":4},"end":{"line":17,"column":43}},{"start":{"line":18,"column":4},"end":{"line":19,"column":18}}]}},"s":{"0":3,"1":3,"2":3,"3":8,"4":3,"5":67,"6":8,"7":59},"f":{"0":8,"1":67},"b":{"0":[17],"1":[8,59]},"_coverageSchema":"332fd63041d2c1bcb487cc26dd0d5f7d97098a6c","hash":"f910c26aa05c7bd8f5cc42e137a64d9f2eecb32b"}
,"/Users/lorimc/Code/react/React-Redux-Todoz/js/reducers/index.js": {"path":"/Users/lorimc/Code/react/React-Redux-Todoz/js/reducers/index.js","statementMap":{},"fnMap":{},"branchMap":{},"s":{},"f":{},"b":{},"_coverageSchema":"332fd63041d2c1bcb487cc26dd0d5f7d97098a6c","hash":"870675c43404b08745902eefea2cd18e434a7acc"}
,"/Users/lorimc/Code/react/React-Redux-Todoz/js/reducers/todos.js": {"path":"/Users/lorimc/Code/react/React-Redux-Todoz/js/reducers/todos.js","statementMap":{"0":{"start":{"line":4,"column":24},"end":{"line":7,"column":2}},"1":{"start":{"line":9,"column":22},"end":{"line":9,"column":43}},"2":{"start":{"line":11,"column":16},"end":{"line":14,"column":1}},"3":{"start":{"line":12,"column":27},"end":{"line":12,"column":79}},"4":{"start":{"line":13,"column":2},"end":{"line":13,"column":45}},"5":{"start":{"line":16,"column":19},"end":{"line":22,"column":1}},"6":{"start":{"line":17,"column":22},"end":{"line":19,"column":4}},"7":{"start":{"line":18,"column":4},"end":{"line":18,"column":55}},"8":{"start":{"line":20,"column":27},"end":{"line":20,"column":65}},"9":{"start":{"line":21,"column":2},"end":{"line":21,"column":45}},"10":{"start":{"line":24,"column":18},"end":{"line":26,"column":1}},"11":{"start":{"line":25,"column":2},"end":{"line":25,"column":51}},"12":{"start":{"line":28,"column":26},"end":{"line":36,"column":1}},"13":{"start":{"line":29,"column":27},"end":{"line":34,"column":4}},"14":{"start":{"line":30,"column":4},"end":{"line":32,"column":5}},"15":{"start":{"line":31,"column":6},"end":{"line":31,"column":50}},"16":{"start":{"line":31,"column":45},"end":{"line":31,"column":49}},"17":{"start":{"line":33,"column":4},"end":{"line":33,"column":15}},"18":{"start":{"line":35,"column":2},"end":{"line":35,"column":45}},"19":{"start":{"line":38,"column":22},"end":{"line":43,"column":1}},"20":{"start":{"line":39,"column":22},"end":{"line":41,"column":4}},"21":{"start":{"line":40,"column":4},"end":{"line":40,"column":49}},"22":{"start":{"line":42,"column":2},"end":{"line":42,"column":73}},"23":{"start":{"line":45,"column":14},"end":{"line":60,"column":1}},"24":{"start":{"line":46,"column":2},"end":{"line":59,"column":3}},"25":{"start":{"line":48,"column":6},"end":{"line":48,"column":35}},"26":{"start":{"line":50,"column":6},"end":{"line":50,"column":38}},"27":{"start":{"line":52,"column":6},"end":{"line":52,"column":37}},"28":{"start":{"line":54,"column":6},"end":{"line":54,"column":45}},"29":{"start":{"line":56,"column":6},"end":{"line":56,"column":41}},"30":{"start":{"line":58,"column":6},"end":{"line":58,"column":18}}},"fnMap":{"0":{"name":"(anonymous_0)","decl":{"start":{"line":11,"column":16},"end":{"line":11,"column":17}},"loc":{"start":{"line":11,"column":35},"end":{"line":14,"column":1}}},"1":{"name":"(anonymous_1)","decl":{"start":{"line":16,"column":19},"end":{"line":16,"column":20}},"loc":{"start":{"line":16,"column":38},"end":{"line":22,"column":1}}},"2":{"name":"(anonymous_2)","decl":{"start":{"line":17,"column":51},"end":{"line":17,"column":52}},"loc":{"start":{"line":17,"column":59},"end":{"line":19,"column":3}}},"3":{"name":"(anonymous_3)","decl":{"start":{"line":24,"column":18},"end":{"line":24,"column":19}},"loc":{"start":{"line":24,"column":37},"end":{"line":26,"column":1}}},"4":{"name":"(anonymous_4)","decl":{"start":{"line":28,"column":26},"end":{"line":28,"column":27}},"loc":{"start":{"line":28,"column":45},"end":{"line":36,"column":1}}},"5":{"name":"(anonymous_5)","decl":{"start":{"line":29,"column":50},"end":{"line":29,"column":51}},"loc":{"start":{"line":29,"column":58},"end":{"line":34,"column":3}}},"6":{"name":"(anonymous_6)","decl":{"start":{"line":31,"column":38},"end":{"line":31,"column":39}},"loc":{"start":{"line":31,"column":45},"end":{"line":31,"column":49}}},"7":{"name":"(anonymous_7)","decl":{"start":{"line":38,"column":22},"end":{"line":38,"column":23}},"loc":{"start":{"line":38,"column":41},"end":{"line":43,"column":1}}},"8":{"name":"(anonymous_8)","decl":{"start":{"line":39,"column":51},"end":{"line":39,"column":52}},"loc":{"start":{"line":39,"column":59},"end":{"line":41,"column":3}}},"9":{"name":"(anonymous_9)","decl":{"start":{"line":45,"column":14},"end":{"line":45,"column":15}},"loc":{"start":{"line":45,"column":49},"end":{"line":60,"column":1}}}},"branchMap":{"0":{"loc":{"start":{"line":30,"column":4},"end":{"line":32,"column":5}},"type":"if","locations":[{"start":{"line":30,"column":4},"end":{"line":32,"column":5}},{"start":{"line":30,"column":4},"end":{"line":32,"column":5}}]},"1":{"loc":{"start":{"line":45,"column":15},"end":{"line":45,"column":36}},"type":"default-arg","locations":[{"start":{"line":45,"column":23},"end":{"line":45,"column":36}}]},"2":{"loc":{"start":{"line":46,"column":2},"end":{"line":59,"column":3}},"type":"switch","locations":[{"start":{"line":47,"column":4},"end":{"line":48,"column":35}},{"start":{"line":49,"column":4},"end":{"line":50,"column":38}},{"start":{"line":51,"column":4},"end":{"line":52,"column":37}},{"start":{"line":53,"column":4},"end":{"line":54,"column":45}},{"start":{"line":55,"column":4},"end":{"line":56,"column":41}},{"start":{"line":57,"column":4},"end":{"line":58,"column":18}}]}},"s":{"0":3,"1":3,"2":3,"3":25,"4":25,"5":3,"6":5,"7":6,"8":5,"9":5,"10":3,"11":4,"12":3,"13":6,"14":18,"15":6,"16":6,"17":12,"18":6,"19":3,"20":2,"21":2,"22":2,"23":3,"24":67,"25":25,"26":5,"27":4,"28":6,"29":2,"30":25},"f":{"0":25,"1":5,"2":6,"3":4,"4":6,"5":18,"6":6,"7":2,"8":2,"9":67},"b":{"0":[6,12],"1":[17],"2":[25,5,4,6,2,25]},"_coverageSchema":"332fd63041d2c1bcb487cc26dd0d5f7d97098a6c","hash":"00be25a75fa93c088cd66c78d0b733539a3995a8"}
,"/Users/lorimc/Code/react/React-Redux-Todoz/js/store/store.js": {"path":"/Users/lorimc/Code/react/React-Redux-Todoz/js/store/store.js","statementMap":{"0":{"start":{"line":4,"column":14},"end":{"line":6,"column":2}},"1":{"start":{"line":5,"column":118},"end":{"line":5,"column":119}}},"fnMap":{"0":{"name":"(anonymous_0)","decl":{"start":{"line":5,"column":111},"end":{"line":5,"column":112}},"loc":{"start":{"line":5,"column":118},"end":{"line":5,"column":119}}}},"branchMap":{"0":{"loc":{"start":{"line":5,"column":2},"end":{"line":5,"column":119}},"type":"cond-expr","locations":[{"start":{"line":5,"column":82},"end":{"line":5,"column":108}},{"start":{"line":5,"column":111},"end":{"line":5,"column":119}}]},"1":{"loc":{"start":{"line":5,"column":2},"end":{"line":5,"column":79}},"type":"binary-expr","locations":[{"start":{"line":5,"column":2},"end":{"line":5,"column":28}},{"start":{"line":5,"column":32},"end":{"line":5,"column":79}}]}},"s":{"0":1,"1":1},"f":{"0":1},"b":{"0":[0,1],"1":[1,1]},"_coverageSchema":"332fd63041d2c1bcb487cc26dd0d5f7d97098a6c","hash":"7fd868b3e270e0a08246e7c63b8437b178949b3b"}
}
