TN:
SF:/Users/lorimc/Code/react/React-Redux-Todoz/js/constants.js
FNF:0
FNH:0
DA:1,8
DA:2,8
DA:3,8
LF:3
LH:3
BRF:0
BRH:0
end_of_record
TN:
SF:/Users/lorimc/Code/react/React-Redux-Todoz/js/actions/actionCreators.js
FN:5,addItem
FN:18,deleteItem
FN:27,setActiveFilter
FN:36,setEditID
FN:45,setToggleComplete
FN:54,setUpdateText
FNF:6
FNH:6
FNDA:25,addItem
FNDA:5,deleteItem
FNDA:8,setActiveFilter
FNDA:4,setEditID
FNDA:6,setToggleComplete
FNDA:2,setUpdateText
DA:6,25
DA:19,5
DA:28,8
DA:37,4
DA:46,6
DA:55,2
LF:6
LH:6
BRDA:27,0,0,1
BRF:1
BRH:1
end_of_record
TN:
SF:/Users/lorimc/Code/react/React-Redux-Todoz/js/actions/actions.js
FNF:0
FNH:0
DA:1,8
DA:2,8
DA:3,8
DA:4,8
DA:5,8
DA:6,8
LF:6
LH:6
BRF:0
BRH:0
end_of_record
TN:
SF:/Users/lorimc/Code/react/React-Redux-Todoz/js/components/AddItem.js
FN:7,(anonymous_0)
FN:18,(anonymous_1)
FN:22,(anonymous_2)
FN:28,(anonymous_3)
FN:53,(anonymous_4)
FN:55,(anonymous_5)
FNF:6
FNH:6
FNDA:10,(anonymous_0)
FNDA:3,(anonymous_1)
FNDA:3,(anonymous_2)
FNDA:17,(anonymous_3)
FNDA:6,(anonymous_4)
FNDA:2,(anonymous_5)
DA:8,10
DA:10,10
DA:14,10
DA:15,10
DA:19,3
DA:23,3
DA:24,3
DA:25,3
DA:29,17
DA:47,2
DA:48,2
DA:53,2
DA:54,6
DA:56,2
DA:61,2
LF:15
LH:15
BRF:0
BRH:0
end_of_record
TN:
SF:/Users/lorimc/Code/react/React-Redux-Todoz/js/components/EditItem.js
FN:8,(anonymous_0)
FN:12,(anonymous_1)
FN:18,(anonymous_2)
FN:30,(anonymous_3)
FN:31,(anonymous_4)
FN:40,(anonymous_5)
FN:64,(anonymous_6)
FN:66,(anonymous_7)
FN:69,(anonymous_8)
FNF:9
FNH:8
FNDA:2,(anonymous_0)
FNDA:2,(anonymous_1)
FNDA:14,(anonymous_2)
FNDA:2,(anonymous_3)
FNDA:0,(anonymous_4)
FNDA:2,(anonymous_5)
FNDA:4,(anonymous_6)
FNDA:1,(anonymous_7)
FNDA:1,(anonymous_8)
DA:9,2
DA:13,2
DA:14,2
DA:19,14
DA:20,14
DA:30,2
DA:31,0
DA:40,2
DA:53,3
DA:54,3
DA:64,3
DA:65,4
DA:67,1
DA:70,1
DA:75,3
LF:15
LH:14
BRDA:13,0,0,2
BRDA:13,0,1,0
BRDA:13,1,0,2
BRDA:13,1,1,2
BRF:4
BRH:3
end_of_record
TN:
SF:/Users/lorimc/Code/react/React-Redux-Todoz/js/components/Filters.js
FN:7,(anonymous_0)
FN:13,(anonymous_1)
FN:17,(anonymous_2)
FN:23,(anonymous_3)
FN:30,(anonymous_4)
FN:37,(anonymous_5)
FN:51,(anonymous_6)
FN:53,(anonymous_7)
FNF:8
FNH:7
FNDA:11,(anonymous_0)
FNDA:3,(anonymous_1)
FNDA:11,(anonymous_2)
FNDA:1,(anonymous_3)
FNDA:1,(anonymous_4)
FNDA:1,(anonymous_5)
FNDA:6,(anonymous_6)
FNDA:0,(anonymous_7)
DA:8,11
DA:10,11
DA:14,3
DA:18,11
DA:23,1
DA:30,1
DA:37,1
DA:46,2
DA:47,2
DA:51,2
DA:52,6
DA:54,0
DA:59,2
LF:13
LH:12
BRF:0
BRH:0
end_of_record
TN:
SF:/Users/lorimc/Code/react/React-Redux-Todoz/js/components/Item.js
FN:8,(anonymous_0)
FN:14,(anonymous_1)
FN:20,(anonymous_2)
FN:30,(anonymous_3)
FN:31,(anonymous_4)
FN:40,(anonymous_5)
FN:48,(anonymous_6)
FN:75,(anonymous_7)
FN:77,(anonymous_8)
FN:80,(anonymous_9)
FN:83,(anonymous_10)
FNF:11
FNH:11
FNDA:54,(anonymous_0)
FNDA:4,(anonymous_1)
FNDA:76,(anonymous_2)
FNDA:3,(anonymous_3)
FNDA:1,(anonymous_4)
FNDA:2,(anonymous_5)
FNDA:3,(anonymous_6)
FNDA:47,(anonymous_7)
FNDA:2,(anonymous_8)
FNDA:1,(anonymous_9)
FNDA:2,(anonymous_10)
DA:9,54
DA:11,54
DA:15,4
DA:16,4
DA:21,76
DA:22,76
DA:30,3
DA:31,1
DA:40,2
DA:48,3
DA:63,3
DA:64,3
DA:75,3
DA:76,47
DA:78,2
DA:81,1
DA:84,2
DA:89,3
LF:18
LH:18
BRDA:15,0,0,4
BRDA:15,0,1,0
BRDA:15,1,0,4
BRDA:15,1,1,3
BRF:4
BRH:3
end_of_record
TN:
SF:/Users/lorimc/Code/react/React-Redux-Todoz/js/components/Items.js
FN:6,Items
FN:12,renderListItems
FN:13,(anonymous_2)
FN:15,(anonymous_3)
FN:21,(anonymous_4)
FNF:5
FNH:5
FNDA:86,Items
FNDA:78,renderListItems
FNDA:186,(anonymous_2)
FNDA:9,(anonymous_3)
FNDA:177,(anonymous_4)
DA:7,86
DA:8,86
DA:9,8
DA:13,78
DA:14,186
DA:16,9
DA:22,177
DA:28,186
DA:32,78
DA:39,2
DA:40,2
LF:11
LH:11
BRDA:8,0,0,8
BRDA:8,0,1,78
BRDA:28,1,0,186
BRDA:28,1,1,177
BRF:4
BRH:4
end_of_record
TN:
SF:/Users/lorimc/Code/react/React-Redux-Todoz/js/components/TodoList.js
FN:10,(anonymous_0)
FN:17,(anonymous_1)
FN:19,(anonymous_2)
FN:20,(anonymous_3)
FN:22,(anonymous_4)
FN:23,(anonymous_5)
FN:25,(anonymous_6)
FN:32,(anonymous_7)
FN:37,(anonymous_8)
FN:43,(anonymous_9)
FN:50,(anonymous_10)
FN:69,(anonymous_11)
FNF:12
FNH:12
FNDA:11,(anonymous_0)
FNDA:93,(anonymous_1)
FNDA:12,(anonymous_2)
FNDA:36,(anonymous_3)
FNDA:6,(anonymous_4)
FNDA:18,(anonymous_5)
FNDA:75,(anonymous_6)
FNDA:93,(anonymous_7)
FNDA:81,(anonymous_8)
FNDA:12,(anonymous_9)
FNDA:93,(anonymous_10)
FNDA:88,(anonymous_11)
DA:11,11
DA:13,11
DA:14,11
DA:18,93
DA:20,36
DA:23,18
DA:26,75
DA:29,93
DA:33,93
DA:34,93
DA:36,93
DA:38,81
DA:44,12
DA:47,93
DA:51,93
DA:52,93
DA:62,1
DA:63,1
DA:69,1
DA:70,88
DA:77,1
LF:21
LH:21
BRDA:29,0,0,93
BRDA:29,0,1,75
BRDA:34,1,0,81
BRDA:34,1,1,12
BRDA:47,2,0,93
BRDA:47,2,1,0
BRF:6
BRH:5
end_of_record
TN:
SF:/Users/lorimc/Code/react/React-Redux-Todoz/js/reducers/activeFilter.js
FN:10,(anonymous_0)
FN:14,(anonymous_1)
FNF:2
FNH:2
FNDA:8,(anonymous_0)
FNDA:67,(anonymous_1)
DA:4,3
DA:8,3
DA:10,3
DA:11,8
DA:14,3
DA:15,67
DA:17,8
DA:19,59
LF:8
LH:8
BRDA:14,0,0,17
BRDA:15,1,0,8
BRDA:15,1,1,59
BRF:3
BRH:3
end_of_record
TN:
SF:/Users/lorimc/Code/react/React-Redux-Todoz/js/reducers/index.js
FNF:0
FNH:0
LF:0
LH:0
BRF:0
BRH:0
end_of_record
TN:
SF:/Users/lorimc/Code/react/React-Redux-Todoz/js/reducers/todos.js
FN:11,(anonymous_0)
FN:16,(anonymous_1)
FN:17,(anonymous_2)
FN:24,(anonymous_3)
FN:28,(anonymous_4)
FN:29,(anonymous_5)
FN:31,(anonymous_6)
FN:38,(anonymous_7)
FN:39,(anonymous_8)
FN:45,(anonymous_9)
FNF:10
FNH:10
FNDA:25,(anonymous_0)
FNDA:5,(anonymous_1)
FNDA:6,(anonymous_2)
FNDA:4,(anonymous_3)
FNDA:6,(anonymous_4)
FNDA:18,(anonymous_5)
FNDA:6,(anonymous_6)
FNDA:2,(anonymous_7)
FNDA:2,(anonymous_8)
FNDA:67,(anonymous_9)
DA:4,3
DA:9,3
DA:11,3
DA:12,25
DA:13,25
DA:16,3
DA:17,5
DA:18,6
DA:20,5
DA:21,5
DA:24,3
DA:25,4
DA:28,3
DA:29,6
DA:30,18
DA:31,6
DA:33,12
DA:35,6
DA:38,3
DA:39,2
DA:40,2
DA:42,2
DA:45,3
DA:46,67
DA:48,25
DA:50,5
DA:52,4
DA:54,6
DA:56,2
DA:58,25
LF:30
LH:30
BRDA:30,0,0,6
BRDA:30,0,1,12
BRDA:45,1,0,17
BRDA:46,2,0,25
BRDA:46,2,1,5
BRDA:46,2,2,4
BRDA:46,2,3,6
BRDA:46,2,4,2
BRDA:46,2,5,25
BRF:9
BRH:9
end_of_record
TN:
SF:/Users/lorimc/Code/react/React-Redux-Todoz/js/store/store.js
FN:5,(anonymous_0)
FNF:1
FNH:1
FNDA:1,(anonymous_0)
DA:4,1
DA:5,1
LF:2
LH:2
BRDA:5,0,0,0
BRDA:5,0,1,1
BRDA:5,1,0,1
BRDA:5,1,1,1
BRF:4
BRH:3
end_of_record
